2024-11-04 19:43:23,861 - INFO - Terminal Asset Value: 2860024.8735405854
2024-11-04 19:43:23,864 - INFO - Sharpe Ratio: 0.9538511789313421
2024-11-04 19:43:25,743 - INFO - Terminal Asset Value: 3408231.4904174646
2024-11-04 19:43:25,745 - INFO - Sharpe Ratio: 1.0143938182490673
2024-11-04 19:43:27,657 - INFO - Terminal Asset Value: 3286333.643878087
2024-11-04 19:43:27,660 - INFO - Sharpe Ratio: 1.0159596948142116
2024-11-04 19:43:29,466 - INFO - Terminal Asset Value: 3165053.882011014
2024-11-04 19:43:29,468 - INFO - Sharpe Ratio: 1.0825575219832506
2024-11-04 19:43:31,272 - INFO - Terminal Asset Value: 2016418.372832296
2024-11-04 19:43:31,284 - INFO - Sharpe Ratio: 0.5865757375874066
2024-11-04 19:43:33,122 - INFO - Terminal Asset Value: 1814633.7010879326
2024-11-04 19:43:33,124 - INFO - Sharpe Ratio: 0.4766301349072413
2024-11-04 19:43:35,295 - INFO - Terminal Asset Value: 2616518.251218979
2024-11-04 19:43:35,298 - INFO - Sharpe Ratio: 0.8047568346857846
2024-11-04 19:43:37,262 - INFO - Terminal Asset Value: 2667794.3544551963
2024-11-04 19:43:37,265 - INFO - Sharpe Ratio: 0.7298881785527067
2024-11-04 19:43:39,268 - INFO - Terminal Asset Value: 2221507.63776398
2024-11-04 19:43:39,271 - INFO - Sharpe Ratio: 0.6050750086052695
2024-11-04 19:43:41,175 - INFO - Terminal Asset Value: 2166393.495024962
2024-11-04 19:43:41,177 - INFO - Sharpe Ratio: 0.6427169280396899
2024-11-04 19:43:43,225 - INFO - Terminal Asset Value: 3024682.2388812373
2024-11-04 19:43:43,227 - INFO - Sharpe Ratio: 0.939699564639355
2024-11-04 19:43:45,185 - INFO - Terminal Asset Value: 2183114.8250310677
2024-11-04 19:43:45,187 - INFO - Sharpe Ratio: 0.6360570858718838
2024-11-04 19:43:47,116 - INFO - Terminal Asset Value: 3074462.213718701
2024-11-04 19:43:47,118 - INFO - Sharpe Ratio: 0.9045079903071187
2024-11-04 19:43:48,931 - INFO - Terminal Asset Value: 2883482.3297439856
2024-11-04 19:43:48,933 - INFO - Sharpe Ratio: 0.8694904959475434
2024-11-04 19:43:50,994 - INFO - Terminal Asset Value: 3259586.4458731096
2024-11-04 19:43:50,997 - INFO - Sharpe Ratio: 0.9283178597567613
2024-11-04 19:43:53,127 - INFO - Terminal Asset Value: 3369610.0033859974
2024-11-04 19:43:53,129 - INFO - Sharpe Ratio: 0.9270244016191637
2024-11-04 19:43:55,141 - INFO - Terminal Asset Value: 2590753.7657695985
2024-11-04 19:43:55,143 - INFO - Sharpe Ratio: 0.6861256161206929
2024-11-04 19:43:55,933 - INFO - Previous Total Asset: 1000000
2024-11-04 19:43:55,934 - INFO - Terminal Asset Value: 1478355.6341327948
2024-11-04 19:43:55,934 - INFO - Total Reward: 478355.6341327948
2024-11-04 19:43:55,934 - INFO - Total Cost: 4767.153554506303
2024-11-04 19:43:55,934 - INFO - Total Trades: 17957
2024-11-04 19:43:55,935 - INFO - Sharpe: 0.4569906223224799
2024-11-04 19:43:56,722 - INFO - Terminal Asset Value: 2653714.7338140067
2024-11-04 19:43:56,723 - INFO - Sharpe Ratio: 0.9603396995341287
2024-11-04 19:44:15,593 - INFO - Terminal Asset Value: 2751519.149397933
2024-11-04 19:44:15,595 - INFO - Sharpe Ratio: 0.9539559495789499
2024-11-04 19:44:34,035 - INFO - Terminal Asset Value: 2751519.149397933
2024-11-04 19:44:34,036 - INFO - Sharpe Ratio: 0.9539559495789499
2024-11-04 19:44:51,967 - INFO - Previous Total Asset: 1000000
2024-11-04 19:44:51,967 - INFO - Terminal Asset Value: 1696890.651634037
2024-11-04 19:44:51,967 - INFO - Total Reward: 696890.651634037
2024-11-04 19:44:51,967 - INFO - Total Cost: 1047.2857133750922
2024-11-04 19:44:51,967 - INFO - Total Trades: 15884
2024-11-04 19:44:51,968 - INFO - Sharpe: 0.6967720956694335
2024-11-04 19:44:52,967 - INFO - Terminal Asset Value: 2206046.179338113
2024-11-04 19:44:52,969 - INFO - Sharpe Ratio: 0.8180214726042443
2024-11-04 19:44:54,691 - INFO - Terminal Asset Value: 2527623.0272817574
2024-11-04 19:44:54,694 - INFO - Sharpe Ratio: 1.0943675559265333
2024-11-04 19:44:56,496 - INFO - Terminal Asset Value: 2370384.6480971337
2024-11-04 19:44:56,498 - INFO - Sharpe Ratio: 0.9460159110271544
2024-11-04 19:44:58,247 - INFO - Terminal Asset Value: 2653707.7357818894
2024-11-04 19:44:58,248 - INFO - Sharpe Ratio: 1.0446896137204806
2024-11-04 19:44:59,964 - INFO - Terminal Asset Value: 2295370.3841798976
2024-11-04 19:44:59,966 - INFO - Sharpe Ratio: 0.8593875571412402
2024-11-04 19:45:01,694 - INFO - Terminal Asset Value: 2220049.2980165128
2024-11-04 19:45:01,696 - INFO - Sharpe Ratio: 0.7995723102461881
2024-11-04 19:45:03,451 - INFO - Terminal Asset Value: 2423953.63271827
2024-11-04 19:45:03,453 - INFO - Sharpe Ratio: 0.9691586555146917
2024-11-04 19:45:04,431 - INFO - Terminal Asset Value: 2407297.8394795307
2024-11-04 19:45:04,433 - INFO - Sharpe Ratio: 0.9567701482628894
2024-11-04 19:45:06,202 - INFO - Terminal Asset Value: 2341712.067713096
2024-11-04 19:45:06,203 - INFO - Sharpe Ratio: 0.8323806988919252
2024-11-04 19:45:07,967 - INFO - Terminal Asset Value: 2666323.0776086696
2024-11-04 19:45:07,969 - INFO - Sharpe Ratio: 1.0818979296025346
2024-11-04 19:45:09,676 - INFO - Terminal Asset Value: 1830863.3733458759
2024-11-04 19:45:09,678 - INFO - Sharpe Ratio: 0.6427571540418026
2024-11-04 19:45:11,385 - INFO - Terminal Asset Value: 2076041.5759393242
2024-11-04 19:45:11,387 - INFO - Sharpe Ratio: 0.779417090741426
2024-11-04 19:45:13,100 - INFO - Terminal Asset Value: 2258249.8851830307
2024-11-04 19:45:13,102 - INFO - Sharpe Ratio: 0.8360945437830968
2024-11-04 19:45:14,786 - INFO - Terminal Asset Value: 2115253.0982951177
2024-11-04 19:45:14,788 - INFO - Sharpe Ratio: 0.8497246087771858
2024-11-04 19:45:15,744 - INFO - Terminal Asset Value: 2461704.007789636
2024-11-04 19:45:15,745 - INFO - Sharpe Ratio: 1.014828395525626
2024-11-04 19:45:17,464 - INFO - Terminal Asset Value: 2088579.7890296108
2024-11-04 19:45:17,465 - INFO - Sharpe Ratio: 0.8093963200337257
2024-11-04 19:45:19,212 - INFO - Terminal Asset Value: 2292929.2459456646
2024-11-04 19:45:19,214 - INFO - Sharpe Ratio: 0.8527284324166492
2024-11-04 19:45:21,091 - INFO - Terminal Asset Value: 2358119.3276736983
2024-11-04 19:45:21,093 - INFO - Sharpe Ratio: 0.8740761862789487
2024-11-04 19:45:22,876 - INFO - Terminal Asset Value: 2366212.8898164793
2024-11-04 19:45:22,878 - INFO - Sharpe Ratio: 0.8476437662933842
2024-11-04 19:45:24,570 - INFO - Terminal Asset Value: 2538562.415843186
2024-11-04 19:45:24,572 - INFO - Sharpe Ratio: 1.0186641797035365
2024-11-04 19:45:26,290 - INFO - Terminal Asset Value: 2552853.974898943
2024-11-04 19:45:26,292 - INFO - Sharpe Ratio: 1.0360811668605834
2024-11-04 19:45:27,258 - INFO - Terminal Asset Value: 2509230.97246168
2024-11-04 19:45:27,260 - INFO - Sharpe Ratio: 1.0016753634990418
2024-11-04 19:45:29,004 - INFO - Terminal Asset Value: 2842565.427026121
2024-11-04 19:45:29,006 - INFO - Sharpe Ratio: 1.1053359085597876
2024-11-04 19:45:30,738 - INFO - Terminal Asset Value: 2880556.406616683
2024-11-04 19:45:30,741 - INFO - Sharpe Ratio: 1.0698780093935683
2024-11-04 19:45:32,494 - INFO - Terminal Asset Value: 3021750.2530892403
2024-11-04 19:45:32,496 - INFO - Sharpe Ratio: 1.0955353589061072
2024-11-04 19:45:34,240 - INFO - Terminal Asset Value: 2382995.575755744
2024-11-04 19:45:34,242 - INFO - Sharpe Ratio: 0.9565614127348611
2024-11-04 19:45:36,001 - INFO - Terminal Asset Value: 2270636.456682835
2024-11-04 19:45:36,002 - INFO - Sharpe Ratio: 0.9056551669043392
2024-11-04 19:45:37,841 - INFO - Terminal Asset Value: 2266898.366448381
2024-11-04 19:45:37,843 - INFO - Sharpe Ratio: 0.8844927861857012
2024-11-04 19:45:38,794 - INFO - Terminal Asset Value: 2480448.1463937145
2024-11-04 19:45:38,795 - INFO - Sharpe Ratio: 0.9880414420163244
2024-11-04 19:45:40,552 - INFO - Terminal Asset Value: 2533314.9707450075
2024-11-04 19:45:40,554 - INFO - Sharpe Ratio: 0.9364529091084264
2024-11-04 19:45:42,313 - INFO - Terminal Asset Value: 2573086.341279701
2024-11-04 19:45:42,315 - INFO - Sharpe Ratio: 0.981327641523405
2024-11-04 19:45:44,021 - INFO - Terminal Asset Value: 2761695.4264422264
2024-11-04 19:45:44,023 - INFO - Sharpe Ratio: 1.0269854703908703
2024-11-04 19:45:45,733 - INFO - Terminal Asset Value: 2470786.985029151
2024-11-04 19:45:45,735 - INFO - Sharpe Ratio: 0.9304824414544731
2024-11-04 19:45:47,449 - INFO - Terminal Asset Value: 2660937.233833158
2024-11-04 19:45:47,451 - INFO - Sharpe Ratio: 0.9564002073322324
2024-11-04 19:45:49,190 - INFO - Terminal Asset Value: 2579714.3957494446
2024-11-04 19:45:49,192 - INFO - Sharpe Ratio: 0.9561618657482606
2024-11-04 19:45:50,430 - INFO - Terminal Asset Value: 2554308.231407445
2024-11-04 19:45:50,432 - INFO - Sharpe Ratio: 0.9797097233219663
2024-11-04 19:45:52,232 - INFO - Terminal Asset Value: 2292730.9661732567
2024-11-04 19:45:52,235 - INFO - Sharpe Ratio: 0.9005746643011313
2024-11-04 19:45:53,944 - INFO - Terminal Asset Value: 2440252.9741484607
2024-11-04 19:45:53,946 - INFO - Sharpe Ratio: 0.949238471062921
2024-11-04 19:45:55,682 - INFO - Terminal Asset Value: 2446486.673876694
2024-11-04 19:45:55,684 - INFO - Sharpe Ratio: 1.0187744413759259
2024-11-04 19:45:57,453 - INFO - Terminal Asset Value: 2509699.1697189314
2024-11-04 19:45:57,454 - INFO - Sharpe Ratio: 1.0022159390984036
2024-11-04 19:45:59,211 - INFO - Terminal Asset Value: 2602164.677740678
2024-11-04 19:45:59,213 - INFO - Sharpe Ratio: 1.0394877066714314
2024-11-04 19:46:00,942 - INFO - Terminal Asset Value: 2464996.140935366
2024-11-04 19:46:00,945 - INFO - Sharpe Ratio: 1.0145586804052198
2024-11-04 19:46:01,901 - INFO - Terminal Asset Value: 2549371.114909814
2024-11-04 19:46:01,902 - INFO - Sharpe Ratio: 1.0364391079471635
2024-11-04 19:46:03,614 - INFO - Terminal Asset Value: 2571047.6886111354
2024-11-04 19:46:03,616 - INFO - Sharpe Ratio: 1.0337889814654637
2024-11-04 19:46:05,346 - INFO - Terminal Asset Value: 2388242.2561168997
2024-11-04 19:46:05,348 - INFO - Sharpe Ratio: 0.9972121316746924
2024-11-04 19:46:07,065 - INFO - Terminal Asset Value: 2627192.0489226417
2024-11-04 19:46:07,067 - INFO - Sharpe Ratio: 1.0288520043835148
2024-11-04 19:46:09,010 - INFO - Previous Total Asset: 1000000
2024-11-04 19:46:09,010 - INFO - Terminal Asset Value: 1558894.616565624
2024-11-04 19:46:09,010 - INFO - Total Reward: 558894.616565624
2024-11-04 19:46:09,010 - INFO - Total Cost: 147519.50447663278
2024-11-04 19:46:09,010 - INFO - Total Trades: 31276
2024-11-04 19:46:09,011 - INFO - Sharpe: 0.6380445647607277
